2024-08-27 10:36:31,759 INFO [restartedMain] c.n.c.CommunityApplication [StartupInfoLogger.java:50] Starting CommunityApplication using Java 17.0.12 with PID 3204 (/home/ztx/JavaProjects/community/target/classes started by ztx in /home/ztx/JavaProjects/community)
2024-08-27 10:36:31,761 INFO [restartedMain] c.n.c.CommunityApplication [SpringApplication.java:654] No active profile set, falling back to 1 default profile: "default"
2024-08-27 10:36:31,792 INFO [restartedMain] o.s.b.d.e.DevToolsPropertyDefaultsPostProcessor [DeferredLog.java:252] Devtools property defaults active! Set 'spring.devtools.add-properties' to 'false' to disable
2024-08-27 10:36:31,792 INFO [restartedMain] o.s.b.d.e.DevToolsPropertyDefaultsPostProcessor [DeferredLog.java:252] For additional web related logging consider setting the 'logging.level.web' property to 'DEBUG'
2024-08-27 10:36:32,589 INFO [restartedMain] o.s.b.w.e.t.TomcatWebServer [TomcatWebServer.java:109] Tomcat initialized with port 8080 (http)
2024-08-27 10:36:32,596 INFO [restartedMain] o.a.c.h.Http11NioProtocol [DirectJDKLog.java:173] Initializing ProtocolHandler ["http-nio-8080"]
2024-08-27 10:36:32,598 INFO [restartedMain] o.a.c.c.StandardService [DirectJDKLog.java:173] Starting service [Tomcat]
2024-08-27 10:36:32,598 INFO [restartedMain] o.a.c.c.StandardEngine [DirectJDKLog.java:173] Starting Servlet engine: [Apache Tomcat/10.1.26]
2024-08-27 10:36:32,626 INFO [restartedMain] o.a.c.c.C.[.[.[/community] [DirectJDKLog.java:173] Initializing Spring embedded WebApplicationContext
2024-08-27 10:36:32,627 INFO [restartedMain] o.s.b.w.s.c.ServletWebServerApplicationContext [ServletWebServerApplicationContext.java:296] Root WebApplicationContext: initialization completed in 834 ms
2024-08-27 10:36:32,923 INFO [restartedMain] o.s.b.a.w.s.WelcomePageHandlerMapping [WelcomePageHandlerMapping.java:59] Adding welcome page template: index
2024-08-27 10:36:33,139 INFO [restartedMain] o.s.b.d.a.OptionalLiveReloadServer [OptionalLiveReloadServer.java:59] LiveReload server is running on port 35729
2024-08-27 10:36:33,150 INFO [restartedMain] o.a.c.h.Http11NioProtocol [DirectJDKLog.java:173] Starting ProtocolHandler ["http-nio-8080"]
2024-08-27 10:36:33,159 INFO [restartedMain] o.s.b.w.e.t.TomcatWebServer [TomcatWebServer.java:241] Tomcat started on port 8080 (http) with context path '/community'
2024-08-27 10:36:33,169 INFO [restartedMain] c.n.c.CommunityApplication [StartupInfoLogger.java:56] Started CommunityApplication in 1.738 seconds (process running for 2.065)
2024-08-27 10:36:44,862 INFO [http-nio-8080-exec-1] o.a.c.c.C.[.[.[/community] [DirectJDKLog.java:173] Initializing Spring DispatcherServlet 'dispatcherServlet'
2024-08-27 10:36:44,862 INFO [http-nio-8080-exec-1] o.s.w.s.DispatcherServlet [FrameworkServlet.java:532] Initializing Servlet 'dispatcherServlet'
2024-08-27 10:36:44,863 INFO [http-nio-8080-exec-1] o.s.w.s.DispatcherServlet [FrameworkServlet.java:554] Completed initialization in 1 ms
2024-08-27 10:36:44,883 INFO [http-nio-8080-exec-1] c.z.h.HikariDataSource [HikariDataSource.java:110] HikariPool-1 - Starting...
2024-08-27 10:36:44,973 INFO [http-nio-8080-exec-1] c.z.h.p.HikariPool [HikariPool.java:565] HikariPool-1 - Added connection com.mysql.cj.jdbc.ConnectionImpl@7f3483b0
2024-08-27 10:36:44,974 INFO [http-nio-8080-exec-1] c.z.h.HikariDataSource [HikariDataSource.java:123] HikariPool-1 - Start completed.
2024-08-27 14:21:52,207 INFO [SpringApplicationShutdownHook] c.z.h.HikariDataSource [HikariDataSource.java:350] HikariPool-1 - Shutdown initiated...
2024-08-27 14:21:52,208 INFO [SpringApplicationShutdownHook] c.z.h.HikariDataSource [HikariDataSource.java:352] HikariPool-1 - Shutdown completed.
2024-08-27 14:21:54,007 INFO [restartedMain] c.n.c.CommunityApplication [StartupInfoLogger.java:50] Starting CommunityApplication using Java 17.0.12 with PID 6669 (/home/ztx/JavaProjects/community/target/classes started by ztx in /home/ztx/JavaProjects/community)
2024-08-27 14:21:54,008 INFO [restartedMain] c.n.c.CommunityApplication [SpringApplication.java:654] No active profile set, falling back to 1 default profile: "default"
2024-08-27 14:21:54,035 INFO [restartedMain] o.s.b.d.e.DevToolsPropertyDefaultsPostProcessor [DeferredLog.java:252] Devtools property defaults active! Set 'spring.devtools.add-properties' to 'false' to disable
2024-08-27 14:21:54,035 INFO [restartedMain] o.s.b.d.e.DevToolsPropertyDefaultsPostProcessor [DeferredLog.java:252] For additional web related logging consider setting the 'logging.level.web' property to 'DEBUG'
2024-08-27 14:21:54,690 INFO [restartedMain] o.s.b.w.e.t.TomcatWebServer [TomcatWebServer.java:109] Tomcat initialized with port 8080 (http)
2024-08-27 14:21:54,697 INFO [restartedMain] o.a.c.h.Http11NioProtocol [DirectJDKLog.java:173] Initializing ProtocolHandler ["http-nio-8080"]
2024-08-27 14:21:54,699 INFO [restartedMain] o.a.c.c.StandardService [DirectJDKLog.java:173] Starting service [Tomcat]
2024-08-27 14:21:54,700 INFO [restartedMain] o.a.c.c.StandardEngine [DirectJDKLog.java:173] Starting Servlet engine: [Apache Tomcat/10.1.26]
2024-08-27 14:21:54,725 INFO [restartedMain] o.a.c.c.C.[.[.[/community] [DirectJDKLog.java:173] Initializing Spring embedded WebApplicationContext
2024-08-27 14:21:54,726 INFO [restartedMain] o.s.b.w.s.c.ServletWebServerApplicationContext [ServletWebServerApplicationContext.java:296] Root WebApplicationContext: initialization completed in 691 ms
2024-08-27 14:21:54,997 INFO [restartedMain] o.s.b.a.w.s.WelcomePageHandlerMapping [WelcomePageHandlerMapping.java:59] Adding welcome page template: index
2024-08-27 14:21:55,180 INFO [restartedMain] o.s.b.d.a.OptionalLiveReloadServer [OptionalLiveReloadServer.java:59] LiveReload server is running on port 35729
2024-08-27 14:21:55,194 INFO [restartedMain] o.a.c.h.Http11NioProtocol [DirectJDKLog.java:173] Starting ProtocolHandler ["http-nio-8080"]
2024-08-27 14:21:55,202 INFO [restartedMain] o.s.b.w.e.t.TomcatWebServer [TomcatWebServer.java:241] Tomcat started on port 8080 (http) with context path '/community'
2024-08-27 14:21:55,212 INFO [restartedMain] c.n.c.CommunityApplication [StartupInfoLogger.java:56] Started CommunityApplication in 1.505 seconds (process running for 1.748)
2024-08-27 14:22:00,050 INFO [http-nio-8080-exec-1] o.a.c.c.C.[.[.[/community] [DirectJDKLog.java:173] Initializing Spring DispatcherServlet 'dispatcherServlet'
2024-08-27 14:22:00,050 INFO [http-nio-8080-exec-1] o.s.w.s.DispatcherServlet [FrameworkServlet.java:532] Initializing Servlet 'dispatcherServlet'
2024-08-27 14:22:00,051 INFO [http-nio-8080-exec-1] o.s.w.s.DispatcherServlet [FrameworkServlet.java:554] Completed initialization in 1 ms
2024-08-27 14:22:00,070 INFO [http-nio-8080-exec-1] c.z.h.HikariDataSource [HikariDataSource.java:110] HikariPool-1 - Starting...
2024-08-27 14:22:00,161 INFO [http-nio-8080-exec-1] c.z.h.p.HikariPool [HikariPool.java:565] HikariPool-1 - Added connection com.mysql.cj.jdbc.ConnectionImpl@596383a4
2024-08-27 14:22:00,163 INFO [http-nio-8080-exec-1] c.z.h.HikariDataSource [HikariDataSource.java:123] HikariPool-1 - Start completed.
2024-08-27 14:29:00,343 INFO [SpringApplicationShutdownHook] c.z.h.HikariDataSource [HikariDataSource.java:350] HikariPool-1 - Shutdown initiated...
2024-08-27 14:29:00,349 INFO [SpringApplicationShutdownHook] c.z.h.HikariDataSource [HikariDataSource.java:352] HikariPool-1 - Shutdown completed.
2024-08-27 14:29:01,732 INFO [restartedMain] c.n.c.CommunityApplication [StartupInfoLogger.java:50] Starting CommunityApplication using Java 17.0.12 with PID 6973 (/home/ztx/JavaProjects/community/target/classes started by ztx in /home/ztx/JavaProjects/community)
2024-08-27 14:29:01,741 INFO [restartedMain] c.n.c.CommunityApplication [SpringApplication.java:654] No active profile set, falling back to 1 default profile: "default"
2024-08-27 14:29:01,779 INFO [restartedMain] o.s.b.d.e.DevToolsPropertyDefaultsPostProcessor [DeferredLog.java:252] Devtools property defaults active! Set 'spring.devtools.add-properties' to 'false' to disable
2024-08-27 14:29:01,780 INFO [restartedMain] o.s.b.d.e.DevToolsPropertyDefaultsPostProcessor [DeferredLog.java:252] For additional web related logging consider setting the 'logging.level.web' property to 'DEBUG'
2024-08-27 14:29:02,461 INFO [restartedMain] o.s.b.w.e.t.TomcatWebServer [TomcatWebServer.java:109] Tomcat initialized with port 8080 (http)
2024-08-27 14:29:02,468 INFO [restartedMain] o.a.c.h.Http11NioProtocol [DirectJDKLog.java:173] Initializing ProtocolHandler ["http-nio-8080"]
2024-08-27 14:29:02,469 INFO [restartedMain] o.a.c.c.StandardService [DirectJDKLog.java:173] Starting service [Tomcat]
2024-08-27 14:29:02,469 INFO [restartedMain] o.a.c.c.StandardEngine [DirectJDKLog.java:173] Starting Servlet engine: [Apache Tomcat/10.1.26]
2024-08-27 14:29:02,496 INFO [restartedMain] o.a.c.c.C.[.[.[/community] [DirectJDKLog.java:173] Initializing Spring embedded WebApplicationContext
2024-08-27 14:29:02,497 INFO [restartedMain] o.s.b.w.s.c.ServletWebServerApplicationContext [ServletWebServerApplicationContext.java:296] Root WebApplicationContext: initialization completed in 716 ms
2024-08-27 14:29:02,751 INFO [restartedMain] o.s.b.a.w.s.WelcomePageHandlerMapping [WelcomePageHandlerMapping.java:59] Adding welcome page template: index
2024-08-27 14:29:02,933 INFO [restartedMain] o.s.b.d.a.OptionalLiveReloadServer [OptionalLiveReloadServer.java:59] LiveReload server is running on port 35729
2024-08-27 14:29:02,943 INFO [restartedMain] o.a.c.h.Http11NioProtocol [DirectJDKLog.java:173] Starting ProtocolHandler ["http-nio-8080"]
2024-08-27 14:29:02,951 INFO [restartedMain] o.s.b.w.e.t.TomcatWebServer [TomcatWebServer.java:241] Tomcat started on port 8080 (http) with context path '/community'
2024-08-27 14:29:02,960 INFO [restartedMain] c.n.c.CommunityApplication [StartupInfoLogger.java:56] Started CommunityApplication in 1.659 seconds (process running for 1.927)
2024-08-27 14:29:14,506 INFO [http-nio-8080-exec-1] o.a.c.c.C.[.[.[/community] [DirectJDKLog.java:173] Initializing Spring DispatcherServlet 'dispatcherServlet'
2024-08-27 14:29:14,506 INFO [http-nio-8080-exec-1] o.s.w.s.DispatcherServlet [FrameworkServlet.java:532] Initializing Servlet 'dispatcherServlet'
2024-08-27 14:29:14,507 INFO [http-nio-8080-exec-1] o.s.w.s.DispatcherServlet [FrameworkServlet.java:554] Completed initialization in 1 ms
2024-08-27 14:29:14,527 INFO [http-nio-8080-exec-1] c.z.h.HikariDataSource [HikariDataSource.java:110] HikariPool-1 - Starting...
2024-08-27 14:29:14,610 INFO [http-nio-8080-exec-1] c.z.h.p.HikariPool [HikariPool.java:565] HikariPool-1 - Added connection com.mysql.cj.jdbc.ConnectionImpl@60dcc4af
2024-08-27 14:29:14,611 INFO [http-nio-8080-exec-1] c.z.h.HikariDataSource [HikariDataSource.java:123] HikariPool-1 - Start completed.
2024-08-27 14:31:01,354 INFO [SpringApplicationShutdownHook] c.z.h.HikariDataSource [HikariDataSource.java:350] HikariPool-1 - Shutdown initiated...
2024-08-27 14:31:01,358 INFO [SpringApplicationShutdownHook] c.z.h.HikariDataSource [HikariDataSource.java:352] HikariPool-1 - Shutdown completed.
2024-08-27 14:31:02,660 INFO [restartedMain] c.n.c.CommunityApplication [StartupInfoLogger.java:50] Starting CommunityApplication using Java 17.0.12 with PID 7142 (/home/ztx/JavaProjects/community/target/classes started by ztx in /home/ztx/JavaProjects/community)
2024-08-27 14:31:02,662 INFO [restartedMain] c.n.c.CommunityApplication [SpringApplication.java:654] No active profile set, falling back to 1 default profile: "default"
2024-08-27 14:31:02,687 INFO [restartedMain] o.s.b.d.e.DevToolsPropertyDefaultsPostProcessor [DeferredLog.java:252] Devtools property defaults active! Set 'spring.devtools.add-properties' to 'false' to disable
2024-08-27 14:31:02,687 INFO [restartedMain] o.s.b.d.e.DevToolsPropertyDefaultsPostProcessor [DeferredLog.java:252] For additional web related logging consider setting the 'logging.level.web' property to 'DEBUG'
2024-08-27 14:31:03,494 INFO [restartedMain] o.s.b.w.e.t.TomcatWebServer [TomcatWebServer.java:109] Tomcat initialized with port 8080 (http)
2024-08-27 14:31:03,501 INFO [restartedMain] o.a.c.h.Http11NioProtocol [DirectJDKLog.java:173] Initializing ProtocolHandler ["http-nio-8080"]
2024-08-27 14:31:03,502 INFO [restartedMain] o.a.c.c.StandardService [DirectJDKLog.java:173] Starting service [Tomcat]
2024-08-27 14:31:03,503 INFO [restartedMain] o.a.c.c.StandardEngine [DirectJDKLog.java:173] Starting Servlet engine: [Apache Tomcat/10.1.26]
2024-08-27 14:31:03,535 INFO [restartedMain] o.a.c.c.C.[.[.[/community] [DirectJDKLog.java:173] Initializing Spring embedded WebApplicationContext
2024-08-27 14:31:03,536 INFO [restartedMain] o.s.b.w.s.c.ServletWebServerApplicationContext [ServletWebServerApplicationContext.java:296] Root WebApplicationContext: initialization completed in 848 ms
2024-08-27 14:31:03,730 INFO [restartedMain] c.n.c.CommunityApplication [StartupInfoLogger.java:50] Starting CommunityApplication using Java 17.0.12 with PID 7217 (/home/ztx/JavaProjects/community/target/classes started by ztx in /home/ztx/JavaProjects/community)
2024-08-27 14:31:03,732 INFO [restartedMain] c.n.c.CommunityApplication [SpringApplication.java:654] No active profile set, falling back to 1 default profile: "default"
2024-08-27 14:31:03,778 INFO [restartedMain] o.s.b.d.e.DevToolsPropertyDefaultsPostProcessor [DeferredLog.java:252] Devtools property defaults active! Set 'spring.devtools.add-properties' to 'false' to disable
2024-08-27 14:31:03,779 INFO [restartedMain] o.s.b.d.e.DevToolsPropertyDefaultsPostProcessor [DeferredLog.java:252] For additional web related logging consider setting the 'logging.level.web' property to 'DEBUG'
2024-08-27 14:31:03,882 INFO [restartedMain] o.s.b.a.w.s.WelcomePageHandlerMapping [WelcomePageHandlerMapping.java:59] Adding welcome page template: index
2024-08-27 14:31:04,094 INFO [restartedMain] o.s.b.d.a.OptionalLiveReloadServer [OptionalLiveReloadServer.java:59] LiveReload server is running on port 35729
2024-08-27 14:31:04,105 INFO [restartedMain] o.a.c.h.Http11NioProtocol [DirectJDKLog.java:173] Starting ProtocolHandler ["http-nio-8080"]
2024-08-27 14:31:04,113 INFO [restartedMain] o.s.b.w.e.t.TomcatWebServer [TomcatWebServer.java:241] Tomcat started on port 8080 (http) with context path '/community'
2024-08-27 14:31:04,121 INFO [restartedMain] c.n.c.CommunityApplication [StartupInfoLogger.java:56] Started CommunityApplication in 1.793 seconds (process running for 2.048)
2024-08-27 14:31:04,580 INFO [restartedMain] o.s.b.w.e.t.TomcatWebServer [TomcatWebServer.java:109] Tomcat initialized with port 8080 (http)
2024-08-27 14:31:04,586 INFO [restartedMain] o.a.c.h.Http11NioProtocol [DirectJDKLog.java:173] Initializing ProtocolHandler ["http-nio-8080"]
2024-08-27 14:31:04,588 INFO [restartedMain] o.a.c.c.StandardService [DirectJDKLog.java:173] Starting service [Tomcat]
2024-08-27 14:31:04,588 INFO [restartedMain] o.a.c.c.StandardEngine [DirectJDKLog.java:173] Starting Servlet engine: [Apache Tomcat/10.1.26]
2024-08-27 14:31:04,611 INFO [restartedMain] o.a.c.c.C.[.[.[/community] [DirectJDKLog.java:173] Initializing Spring embedded WebApplicationContext
2024-08-27 14:31:04,612 INFO [restartedMain] o.s.b.w.s.c.ServletWebServerApplicationContext [ServletWebServerApplicationContext.java:296] Root WebApplicationContext: initialization completed in 832 ms
2024-08-27 14:31:04,882 INFO [restartedMain] o.s.b.a.w.s.WelcomePageHandlerMapping [WelcomePageHandlerMapping.java:59] Adding welcome page template: index
2024-08-27 14:31:05,081 INFO [restartedMain] o.a.c.h.Http11NioProtocol [DirectJDKLog.java:173] Starting ProtocolHandler ["http-nio-8080"]
2024-08-27 14:31:05,098 INFO [restartedMain] o.s.b.a.l.ConditionEvaluationReportLogger [ConditionEvaluationReportLogger.java:82] 

Error starting ApplicationContext. To display the condition evaluation report re-run your application with 'debug' enabled.
2024-08-27 14:31:07,156 INFO [http-nio-8080-exec-1] o.a.c.c.C.[.[.[/community] [DirectJDKLog.java:173] Initializing Spring DispatcherServlet 'dispatcherServlet'
2024-08-27 14:31:07,157 INFO [http-nio-8080-exec-1] o.s.w.s.DispatcherServlet [FrameworkServlet.java:532] Initializing Servlet 'dispatcherServlet'
2024-08-27 14:31:07,158 INFO [http-nio-8080-exec-1] o.s.w.s.DispatcherServlet [FrameworkServlet.java:554] Completed initialization in 1 ms
2024-08-27 14:31:07,178 INFO [http-nio-8080-exec-1] c.z.h.HikariDataSource [HikariDataSource.java:110] HikariPool-1 - Starting...
2024-08-27 14:31:07,261 INFO [http-nio-8080-exec-1] c.z.h.p.HikariPool [HikariPool.java:565] HikariPool-1 - Added connection com.mysql.cj.jdbc.ConnectionImpl@5563b495
2024-08-27 14:31:07,263 INFO [http-nio-8080-exec-1] c.z.h.HikariDataSource [HikariDataSource.java:123] HikariPool-1 - Start completed.
2024-08-27 14:33:00,404 INFO [SpringApplicationShutdownHook] c.z.h.HikariDataSource [HikariDataSource.java:350] HikariPool-1 - Shutdown initiated...
2024-08-27 14:33:00,410 INFO [SpringApplicationShutdownHook] c.z.h.HikariDataSource [HikariDataSource.java:352] HikariPool-1 - Shutdown completed.
